<?xml version="1.0" encoding="UTF-8"?>
<!-- Generated by org.testng.reporters.JUnitReportReporter -->
<testsuite hostname="DESKTOP-UOVJQ5N" failures="0" tests="1" name="test.classes.NewTest1" time="0.002" errors="0" timestamp="2023-04-27T15:13:25 IST" skipped="0">
  <testcase classname="test.classes.NewTest1" name="test1" time="0.002"/>
  <system-out/>
</testsuite> <!-- test.classes.NewTest1 -->
