<?xml version="1.0" encoding="UTF-8"?>
<!-- Generated by org.testng.reporters.JUnitReportReporter -->
<testsuite hostname="DESKTOP-UOVJQ5N" failures="0" tests="2" name="TestClasses2.TestClass1" time="0.057" errors="0" timestamp="2023-04-28T11:16:34 IST" skipped="0">
  <testcase classname="TestClasses2.TestClass1" name="test2" time="0.004"/>
  <system-out/>
  <testcase classname="TestClasses2.TestClass1" name="test1" time="0.053"/>
  <system-out/>
</testsuite> <!-- TestClasses2.TestClass1 -->
